C51 COMPILER V9.00   DELAY_TIME                                                            09/18/2015 14:40:12 PAGE 1   


C51 COMPILER V9.00, COMPILATION OF MODULE DELAY_TIME
OBJECT MODULE PLACED IN Delay_time.obj
COMPILER INVOKED BY: F:\程序\APPdate\keil\C51\BIN\C51.EXE App\Delay_time.c COMPACT BROWSE INCDIR(..\电梯驱动;.\App;.\Har
                    -dwaer) DEBUG OBJECTEXTEND PRINT(.\Delay_time.lst) OBJECT(Delay_time.obj)

line level    source

   1          #include "includes.h"
   2          #include "Delay_time.h"
   3          
   4          
   5          /*****************************************
   6          ***函数名:      Delay_nms()
   7          ***函数描述:延时
   8          ***返回值： NULL
   9          *****************************************/
  10          
  11          void Delay_nms(unsigned int ms)          //N ms延时函数
  12          {
  13   1              INT16U i,j;
  14   1              for(i=ms;i>0;i--)
  15   1                      for(j=110;j>0;j--);
  16   1      }


MODULE INFORMATION:   STATIC OVERLAYABLE
   CODE SIZE        =     30    ----
   CONSTANT SIZE    =   ----    ----
   XDATA SIZE       =   ----    ----
   PDATA SIZE       =   ----    ----
   DATA SIZE        =   ----    ----
   IDATA SIZE       =   ----    ----
   BIT SIZE         =   ----    ----
END OF MODULE INFORMATION.


C51 COMPILATION COMPLETE.  0 WARNING(S),  0 ERROR(S)
