C51 COMPILER V9.00   DOOR_INIT                                                             09/18/2015 14:40:12 PAGE 1   


C51 COMPILER V9.00, COMPILATION OF MODULE DOOR_INIT
OBJECT MODULE PLACED IN Door_INIT.obj
COMPILER INVOKED BY: F:\程序\APPdate\keil\C51\BIN\C51.EXE Hardwaer\Door_INIT.c COMPACT BROWSE INCDIR(..\电梯驱动;.\App;.
                    -\Hardwaer) DEBUG OBJECTEXTEND PRINT(.\Door_INIT.lst) OBJECT(Door_INIT.obj)

line level    source

   1          #include "includes.h"
   2          #include "Door_INIT.h"
   3          /******************
   4          ******* 函数名称： DOOR_INIT（）
   5          ******* 函数功能： 电梯门初始化函数
   6          ******* 返回值  ： NULL
   7          ******************/
   8          void  DOOR_INIT()
   9          {
  10   1              DOOR_Open();
  11   1              DOOR_Close();
  12   1      }
  13          /******************
  14          ******* 函数名称： DOOR_Open（）
  15          ******* 函数功能： 电梯门开启函数
  16          ******* 返回值  ： NULL
  17          ******************/
  18          void DOOR_Open()
  19          {
  20   1      
  21   1      }
  22          
  23          
  24          /******************
  25          ******* 函数名称： DOOR_Close（）
  26          ******* 函数功能： 电梯门关闭函数
  27          ******* 返回值  ： NULL
  28          ******************/
  29          void DOOR_Close()
  30          {
  31   1      
  32   1      }


MODULE INFORMATION:   STATIC OVERLAYABLE
   CODE SIZE        =      8    ----
   CONSTANT SIZE    =   ----    ----
   XDATA SIZE       =   ----    ----
   PDATA SIZE       =   ----    ----
   DATA SIZE        =   ----    ----
   IDATA SIZE       =   ----    ----
   BIT SIZE         =   ----    ----
END OF MODULE INFORMATION.


C51 COMPILATION COMPLETE.  0 WARNING(S),  0 ERROR(S)
