C51 COMPILER V9.00   KEY_INIT                                                              09/18/2015 14:40:12 PAGE 1   


C51 COMPILER V9.00, COMPILATION OF MODULE KEY_INIT
OBJECT MODULE PLACED IN Key_INIT.obj
COMPILER INVOKED BY: F:\程序\APPdate\keil\C51\BIN\C51.EXE Hardwaer\Key_INIT.c COMPACT BROWSE INCDIR(..\电梯驱动;.\App;.\
                    -Hardwaer) DEBUG OBJECTEXTEND PRINT(.\Key_INIT.lst) OBJECT(Key_INIT.obj)

line level    source

   1          #include "includes.h"
   2          #include "Key_INIT.h"
   3          #include "Floor_INIT.h"
   4          #include "Usart.h"
   5          #include "Delay_time.h"
   6          
   7          INT8U UP_Flag,Down_Flag;         //电梯上升下降标志位
   8          /******************
   9          ******* 函数名称： KEY_IN()
  10          ******* 函数功能： 电梯按键检测函数
  11          ******* 返回值  ： INT8U  0 1 2
  12          ******************/
  13          INT8U KEY_IN(void)
  14          {               
  15   1              if(Key0 == 0)
  16   1              {
  17   2                      Delay_nms(2);
  18   2                      if(Key0 == 0){
  19   3                      LED0 = 1;
  20   3                      send_string_uart("按下0层按键\r\n");
  21   3                      return 0;
  22   3                      }
  23   2              } else          
  24   1              if(Key1 == 0)
  25   1              {       
  26   2                      Delay_nms(2);
  27   2                      if(Key1 == 0){
  28   3                      LED1 = 1;
  29   3                      send_string_uart("按下1层按键\r\n");
  30   3                      return 1;
  31   3                      }
  32   2              } else
  33   1              if(Key2 == 0)
  34   1              {       
  35   2                      Delay_nms(2);
  36   2                      if(Key2 == 0){
  37   3                      LED2 = 1;
  38   3                      send_string_uart("按下2层按键\r\n");
  39   3                      return 2;
  40   3                      }
  41   2              }
  42   1              return 3;
  43   1      }
  44          /******************
  45          ******* 函数名称： Key_INIT()
  46          ******* 函数功能： 电梯上升检测函数
  47          ******* 返回值  ： NULL
  48          ******************/
  49          void Key_INIT()
  50          {
  51   1              if(Key0_UP == 0)
  52   1              {                                                                
  53   2                      Delay_nms(2);
  54   2                      if(Key0_UP == 0){
C51 COMPILER V9.00   KEY_INIT                                                              09/18/2015 14:40:12 PAGE 2   

  55   3                      LED0_UP = 1;
  56   3                      UP_Flag = 0;
  57   3                      send_string_uart("按下0层上键\r\n");
  58   3                      }
  59   2              }
  60   1      
  61   1              if(Key1_UP == 0)
  62   1              {
  63   2                      Delay_nms(2);
  64   2                      if(Key1_UP == 0){
  65   3                      LED1_UP = 1;
  66   3                      UP_Flag = 1;
  67   3                      send_string_uart("按下1层上键\r\n");
  68   3                      }
  69   2              }               
  70   1              if(Key1_DOWN == 0)
  71   1              {
  72   2                      Delay_nms(2);
  73   2                      if(Key1_DOWN == 0){
  74   3                      LED1_DOWN = 1;
  75   3                      Down_Flag = 1;
  76   3                      send_string_uart("按下1层下键\r\n");
  77   3                      }
  78   2              }
  79   1      
  80   1              if(Key2_DOWN == 0)
  81   1              {
  82   2                      Delay_nms(2);
  83   2                      if(Key2_DOWN == 0){
  84   3                      LED2_DOWN = 1;
  85   3                      Down_Flag = 2;
  86   3                      send_string_uart("按下2层下键\r\n");
  87   3                      }
  88   2              }
  89   1      }


MODULE INFORMATION:   STATIC OVERLAYABLE
   CODE SIZE        =    200    ----
   CONSTANT SIZE    =     98    ----
   XDATA SIZE       =   ----    ----
   PDATA SIZE       =      2    ----
   DATA SIZE        =   ----    ----
   IDATA SIZE       =   ----    ----
   BIT SIZE         =   ----    ----
END OF MODULE INFORMATION.


C51 COMPILATION COMPLETE.  0 WARNING(S),  0 ERROR(S)
