C51 COMPILER V9.00   MAIN                                                                  09/18/2015 14:40:12 PAGE 1   


C51 COMPILER V9.00, COMPILATION OF MODULE MAIN
OBJECT MODULE PLACED IN main.OBJ
COMPILER INVOKED BY: F:\程序\APPdate\keil\C51\BIN\C51.EXE main.c COMPACT BROWSE INCDIR(..\电梯驱动;.\App;.\Hardwaer) DEB
                    -UG OBJECTEXTEND

line level    source

   1          #include "includes.h"
   2          #include "Floor_INIT.h"
   3          #include "Motor_INIT.h"
   4          #include "Delay_time.h"
   5          #include "Door_INIT.h"
   6          #include "Key_INIT.h"
   7          #include "Usart.h"
   8          
   9          void main()
  10          {
  11   1              DOOR_INIT();
  12   1              Usart_Init();
  13   1              send_string_uart("系统已启动！\r\n");
  14   1              while(1)
  15   1              {
  16   2                      Key_INIT();
  17   2                      Floor_Init();
  18   2                      Motor_INIT();                   
  19   2              }
  20   1      }


MODULE INFORMATION:   STATIC OVERLAYABLE
   CODE SIZE        =     26    ----
   CONSTANT SIZE    =     15    ----
   XDATA SIZE       =   ----    ----
   PDATA SIZE       =   ----    ----
   DATA SIZE        =   ----    ----
   IDATA SIZE       =   ----    ----
   BIT SIZE         =   ----    ----
END OF MODULE INFORMATION.


C51 COMPILATION COMPLETE.  0 WARNING(S),  0 ERROR(S)
