C51 COMPILER V9.00   MOTOR_INIT                                                            09/18/2015 14:40:12 PAGE 1   


C51 COMPILER V9.00, COMPILATION OF MODULE MOTOR_INIT
OBJECT MODULE PLACED IN Motor_INIT.obj
COMPILER INVOKED BY: F:\程序\APPdate\keil\C51\BIN\C51.EXE Hardwaer\Motor_INIT.c COMPACT BROWSE INCDIR(..\电梯驱动;.\App;
                    -.\Hardwaer) DEBUG OBJECTEXTEND PRINT(.\Motor_INIT.lst) OBJECT(Motor_INIT.obj)

line level    source

   1          #include "includes.h"
   2          #include "Motor_INIT.h"
   3          #include "Delay_time.h"
   4          #include "Key_INIT.h"
   5          INT8U PWM_H=0,n=0,i=0;
   6          /******************
   7          ******* 函数名称： Motor_INIT（）
   8          ******* 函数功能： 电梯电机初始化函数
   9          ******* 返回值  ： NULL
  10          ******************/
  11          void Motor_INIT()
  12          {
  13   1              EA=1;
  14   1              ET1=1;
  15   1              TMOD=TMOD & 0X0F | 0x20;                
  16   1      }
  17          /******************
  18          ******* 函数名称： Motor_Set（）
  19          ******* 函数功能： 电梯运行速度设置函数 （4级速度可调：0、1、2、3；对应占空比：0、1/4、2/4、3/4）
  20          ******* 返回值  ： INT8U v
  21          ******************/
  22          void Motor_Set(INT8U v)
  23          {
  24   1              if(v>3) 
  25   1                      v=3;
  26   1              if(v == 0)      
  27   1                      TR1 = 0;
  28   1              else
  29   1              {
  30   2                      TR1 = 1;
  31   2                      PWM_H = v;
  32   2              }
  33   1      }
  34          
  35          /******************
  36          ******* 函数名称： Motor_UP（）
  37          ******* 函数功能： 电梯上升函数
  38          ******* 返回值  ： NULL
  39          ******************/
  40          void Motor_UP_INIT()
  41          {
  42   1              PWM1 = 0;
  43   1              PWM2 = 1;
  44   1              while(1)
  45   1              {
  46   2                      if(KEY_IN() == 1)
  47   2                      {
  48   3                              Delay_nms(5);
  49   3                              Motor_Set(1);
  50   3                              Delay_nms(10000);
  51   3                              Motor_Set(1);
  52   3                              PWM2 = 0;
  53   3                      }
  54   2                      if(KEY_IN() == 2)
C51 COMPILER V9.00   MOTOR_INIT                                                            09/18/2015 14:40:12 PAGE 2   

  55   2                      {
  56   3                              Delay_nms(5);
  57   3                              Motor_Set(1);
  58   3                              Delay_nms(18000);
  59   3                              Motor_Set(1);
  60   3                              PWM2 = 0;               
  61   3                      }
  62   2              }       
  63   1      }
  64          
  65          void Motor_DOWN_INIT()
  66          {
  67   1              PWM1 = 1;
  68   1              PWM2 = 0;
  69   1              while(1)
  70   1              {
  71   2                      if(KEY_IN() == 1)
  72   2                      {
  73   3                              Delay_nms(5);
  74   3                              Motor_Set(1);
  75   3                              Delay_nms(10000);
  76   3                              Motor_Set(1);
  77   3                              PWM1 = 0;
  78   3                      }
  79   2                      if(KEY_IN() == 2)
  80   2                      {
  81   3                              Delay_nms(5);
  82   3                              Motor_Set(1);
  83   3                              Delay_nms(18000);
  84   3                              Motor_Set(1);
  85   3                              PWM1 = 0;       
  86   3                      }
  87   2              }
  88   1      }
  89          
  90          //电机转动
  91          void Motor_Run() interrupt      3
  92          {       
  93   1              if(n < PWM_H) 
  94   1              {       PWM1 = 1;
  95   2                      PWM2 = 1;       
  96   2              }
  97   1              else 
  98   1              {
  99   2                      PWM1 = 0;
 100   2                      PWM2 = 0;
 101   2              }
 102   1                      n++;
 103   1              if(n>=4) 
 104   1                      n=0;
 105   1      }


MODULE INFORMATION:   STATIC OVERLAYABLE
   CODE SIZE        =    228    ----
   CONSTANT SIZE    =   ----    ----
   XDATA SIZE       =   ----    ----
   PDATA SIZE       =      3    ----
   DATA SIZE        =   ----    ----
   IDATA SIZE       =   ----    ----
   BIT SIZE         =   ----    ----
END OF MODULE INFORMATION.

C51 COMPILER V9.00   MOTOR_INIT                                                            09/18/2015 14:40:12 PAGE 3   


C51 COMPILATION COMPLETE.  0 WARNING(S),  0 ERROR(S)
