C51 COMPILER V9.00   PERSON_CHECK                                                          09/18/2015 14:40:12 PAGE 1   


C51 COMPILER V9.00, COMPILATION OF MODULE PERSON_CHECK
OBJECT MODULE PLACED IN Person_Check.obj
COMPILER INVOKED BY: F:\³ÌÐò\APPdate\keil\C51\BIN\C51.EXE Hardwaer\Person_Check.c COMPACT BROWSE INCDIR(..\µçÌÝÇý¶¯;.\Ap
                    -p;.\Hardwaer) DEBUG OBJECTEXTEND PRINT(.\Person_Check.lst) OBJECT(Person_Check.obj)

line level    source

   1          #include "includes.h"
   2          #include "Person_Check.h"
   3          #include "Usart.h"
   4          
   5          INT8U Check_Flag;
   6          sbit Key_check = P3^6;
   7          
   8          void Person_Check()
   9          {
  10   1              if(CMD[7] == 0x08)
  11   1              {
  12   2                      Check_Flag = 0; 
  13   2              }else if(CMD[8] == 0x09)
  14   1              {
  15   2                      Check_Flag = 1; 
  16   2              }
  17   1      
  18   1      }
  19          
  20                          


MODULE INFORMATION:   STATIC OVERLAYABLE
   CODE SIZE        =     23    ----
   CONSTANT SIZE    =   ----    ----
   XDATA SIZE       =   ----    ----
   PDATA SIZE       =      1    ----
   DATA SIZE        =   ----    ----
   IDATA SIZE       =   ----    ----
   BIT SIZE         =   ----    ----
END OF MODULE INFORMATION.


C51 COMPILATION COMPLETE.  0 WARNING(S),  0 ERROR(S)
