C51 COMPILER V9.00   USART                                                                 09/18/2015 14:40:12 PAGE 1   


C51 COMPILER V9.00, COMPILATION OF MODULE USART
OBJECT MODULE PLACED IN Usart.obj
COMPILER INVOKED BY: F:\程序\APPdate\keil\C51\BIN\C51.EXE App\Usart.c COMPACT BROWSE INCDIR(..\电梯驱动;.\App;.\Hardwaer
                    -) DEBUG OBJECTEXTEND PRINT(.\Usart.lst) OBJECT(Usart.obj)

line level    source

   1          #include "includes.h"
   2          #include "Usart.h"
   3          
   4          INT8U CMD[10];
   5          /************************************************
   6          ***函数名： Usart_Init
   7          ***函数描述: 串口初始化函数
   8          ***返回值 : NULL
   9          *************************************************/
  10          void Usart_Init(){              //INT8U Baud
  11   1      
  12   1              SCON  |= 0x50;     //SM0=0，SM1=1 ，启动允许串行接收 REN=1；
  13   1              TMOD  |= 0x20;  // 配置用 定时器T1 方式2  8位自动重装
  14   1              
  15   1              TH1  = 0xf3;       
  16   1              TL1  = 0xf3;
  17   1              TR1  = 1;          //开启定时器
  18   1              EA=1;             //开启总中断
  19   1      }
  20          
  21          /************************************************
  22          ***函数名： send_data_uart1
  23          ***函数描述: 向串口发送数一个字符
  24          ***返回值 : NULL
  25          *************************************************/
  26          void send_data_uart(INT8U BYTE)
  27          {
  28   1              ES = 0 ;
  29   1          SBUF = BYTE;
  30   1          while(!TI);                         //TI发送中断标志位，手动清零
  31   1          TI = 0 ;
  32   1          ES = 1 ;
  33   1      }
  34          
  35          /************************************************
  36          ***函数名： send_string_uart1
  37          ***函数描述: 将一个字符串传送至串口
  38          ***返回值 : NULL
  39          *************************************************/ 
  40          void send_string_uart(INT8U * S)
  41          {
  42   1          while(*S)
  43   1          {
  44   2              send_data_uart(*S++);
  45   2          }
  46   1      }       
  47                  
  48          void USART_IRQHandler() interrupt 4 using 1
  49          {
  50   1          INT8U ch;
  51   1              INT16U len;
  52   1              if(RI)
  53   1          {
  54   2                      RI=0;
C51 COMPILER V9.00   USART                                                                 09/18/2015 14:40:12 PAGE 2   

  55   2                      ch = SBUF;  
  56   2                      CMD[len] = ch;          
  57   2          }
  58   1      
  59   1      }          
  60            


MODULE INFORMATION:   STATIC OVERLAYABLE
   CODE SIZE        =    109    ----
   CONSTANT SIZE    =   ----    ----
   XDATA SIZE       =   ----    ----
   PDATA SIZE       =     10       5
   DATA SIZE        =   ----    ----
   IDATA SIZE       =   ----    ----
   BIT SIZE         =   ----    ----
END OF MODULE INFORMATION.


C51 COMPILATION COMPLETE.  0 WARNING(S),  0 ERROR(S)
